2024-04-18 15:43:51 - guns.js - addToFavourites - Unexpected token &#039;C&#039;, &quot;Cannot use&quot;... is not valid JSON
2024-04-18 15:46:06 - guns.js - addToFavourites - Unexpected token &#039;C&#039;, &quot;Cannot use&quot;... is not valid JSON
2024-04-18 15:51:32 - guns.js - addToFavourites - Unexpected token &#039;C&#039;, &quot;Cannot use&quot;... is not valid JSON
2024-04-19 20:52:47 - register.js - registrationForm - Email already exists
2024-04-19 20:55:22 - register.js - registrationForm - Email already exists
2024-04-19 20:55:35 - register.js - registrationForm - Email already exists
2024-04-23 22:32:17 - register.js - registrationForm - Unexpected end of JSON input
2024-04-23 22:32:30 - register.js - registrationForm - Unexpected end of JSON input
2024-04-23 22:33:08 - register.js - registrationForm - Unexpected end of JSON input
2024-04-23 22:36:26 - register.js - registrationForm - Unexpected end of JSON input
2024-05-03 19:08:20 - deletion.js - deleteItem - Cannot read properties of undefined (reading 'location')
2024-05-03 19:09:20 - deletion.js - deleteItem - Unexpected token 'C', "Connection"... is not valid JSON
2024-05-03 19:10:16 - personal_program_listview.js - setIncrementAndDecrementButtons - Failed to fetch
2024-05-03 19:15:05 - personal_program_listview.js - setIncrementAndDecrementButtons - Cannot read properties of undefined (reading 'subtotal')
2024-05-03 19:15:08 - personal_program_listview.js - setIncrementAndDecrementButtons - Cannot read properties of undefined (reading 'subtotal')
2024-05-03 19:15:11 - personal_program_listview.js - setIncrementAndDecrementButtons - Cannot read properties of undefined (reading 'subtotal')
2024-05-03 19:20:00 - personal_program_listview.js - setIncrementAndDecrementButtons - Cannot read properties of undefined (reading 'subtotal')
2024-05-03 19:20:07 - personal_program_listview.js - setIncrementAndDecrementButtons - Cannot read properties of undefined (reading 'subtotal')
2024-05-03 19:21:41 - personal_program_listview.js - setIncrementAndDecrementButtons - Cannot read properties of undefined (reading 'subtotal')
2024-05-03 19:21:51 - personal_program_listview.js - setIncrementAndDecrementButtons - Unexpected token 'C', "Connection"... is not valid JSON
2024-05-03 19:22:02 - personal_program_listview.js - setIncrementAndDecrementButtons - Cannot read properties of undefined (reading 'subtotal')
2024-05-03 19:26:51 - personal_program_listview.js - setIncrementAndDecrementButtons - Cannot read properties of undefined (reading 'subtotal')
2024-05-03 19:30:04 - personal_program_listview.js - setIncrementAndDecrementButtons - Unexpected token 'C', "Connection"... is not valid JSON
2024-05-03 19:30:06 - personal_program_listview.js - setIncrementAndDecrementButtons - Unexpected token 'C', "Connection"... is not valid JSON
